Arguments: 
  /home/jersonlopez/.nvm/versions/node/v7.8.0/bin/node /home/jersonlopez/.nvm/versions/node/v7.8.0/bin/yarn

PATH: 
  /home/jersonlopez/.nvm/versions/node/v7.8.0/bin:/home/jersonlopez/bin:/home/jersonlopez/.local/bin:/usr/local/sbin:/usr/local/bin:/usr/sbin:/usr/bin:/sbin:/bin:/usr/games:/usr/local/games:/snap/bin:/usr/lib/java/jdk1.8.0_144/bin

Yarn version: 
  1.2.1

Node version: 
  7.8.0

Platform: 
  linux x64

npm manifest: 
  {
    "name": "prestemosudea",
    "version": "1.0.0",
    "description": "software for loan and reserve sports equipment",
    "main": "app.js",
    "repository": "https://github.com/jersonlopez/Integrador.git",
    "author": "jersonlopez <jersonlopez.1204@gmail.com>, sergiocastri <scastrillon347@gmail.com> johnagaleano<john.galenanoc@gmail.com>",
    "license": "MIT",
    "scripts": {
      "test1": "standard --fix",
      "dev": "Dev=true nodemon app.js",
      "prod": "node app.js",
      "test": "./node_modules/nyc/bin/nyc.js ./node_modules/mocha/bin/mocha"
    },
    "dependencies": {
      "axios": "^0.18.0",
      "body-parser": "^1.18.2",
      "cors": "^2.8.4",
      "express": "^4.16.2",
      "jwt-simple": "^0.5.1",
      "mongoose": "^5.0.7",
      "morgan": "^1.9.0",
      "node-schedule": "^1.3.0",
      "nodemailer": "^4.6.4",
      "request": "^2.83.0"
    },
    "devDependencies": {
      "chai": "^4.1.2",
      "chai-http": "^3.0.0",
      "mocha": "^5.0.0",
      "mocha-lcov-reporter": "^1.3.0",
      "nodemon": "^1.14.12",
      "nyc": "^11.4.1",
      "standard": "^10.0.3",
      "supertest": "^3.0.0"
    }
  }

yarn manifest: 
  No manifest

Lockfile: 
  No lockfile

Trace: 
  Error: http://registry.npmjs.org/onetime/-/onetime-1.1.0.tgz: ETIMEDOUT
      at Timeout._onTimeout (/home/jersonlopez/.nvm/versions/node/v7.8.0/lib/node_modules/yarn/lib/cli.js:123675:19)
      at ontimeout (timers.js:386:14)
      at tryOnTimeout (timers.js:250:5)
      at Timer.listOnTimeout (timers.js:214:5)
